INFO:     Started server process [25024]
INFO:     Waiting for application startup.
INFO:     Application startup complete.
INFO:     Uvicorn running on http://0.0.0.0:8000 (Press CTRL+C to quit)
INFO:     127.0.0.1:63065 - "POST /login HTTP/1.1" 500 Internal Server Error
ERROR:    Exception in ASGI application
Traceback (most recent call last):
  File "D:\mobileapp_api\secondhand_api.py", line 37, in _sync_exec
    conn = pymysql.connect(**DB_CONFIG)
  File "d:\mobileapp_api\env\Lib\site-packages\pymysql\connections.py", line 365, in __init__
    self.connect()
    ~~~~~~~~~~~~^^
  File "d:\mobileapp_api\env\Lib\site-packages\pymysql\connections.py", line 681, in connect
    self._request_authentication()
    ~~~~~~~~~~~~~~~~~~~~~~~~~~~~^^
  File "d:\mobileapp_api\env\Lib\site-packages\pymysql\connections.py", line 972, in _request_authentication
    auth_packet = self._process_auth(plugin_name, auth_packet)
  File "d:\mobileapp_api\env\Lib\site-packages\pymysql\connections.py", line 1057, in _process_auth
    raise err.OperationalError(
    ...<2 lines>...
    )
pymysql.err.OperationalError: (2059, "Authentication plugin 'b'auth_gssapi_client'' not configured")

During handling of the above exception, another exception occurred:

Traceback (most recent call last):
  File "d:\mobileapp_api\env\Lib\site-packages\uvicorn\protocols\http\httptools_impl.py", line 416, in run_asgi
    result = await app(  # type: ignore[func-returns-value]
             ^^^^^^^^^^^^^^^^^^^^^^^^^^^^^^^^^^^^^^^^^^^^^^
        self.scope, self.receive, self.send
        ^^^^^^^^^^^^^^^^^^^^^^^^^^^^^^^^^^^
    )
    ^
  File "d:\mobileapp_api\env\Lib\site-packages\uvicorn\middleware\proxy_headers.py", line 60, in __call__
    return await self.app(scope, receive, send)
           ^^^^^^^^^^^^^^^^^^^^^^^^^^^^^^^^^^^^
  File "d:\mobileapp_api\env\Lib\site-packages\fastapi\applications.py", line 1159, in __call__
    await super().__call__(scope, receive, send)
  File "d:\mobileapp_api\env\Lib\site-packages\starlette\applications.py", line 90, in __call__
    await self.middleware_stack(scope, receive, send)
  File "d:\mobileapp_api\env\Lib\site-packages\starlette\middleware\errors.py", line 186, in __call__
    raise exc
  File "d:\mobileapp_api\env\Lib\site-packages\starlette\middleware\errors.py", line 164, in __call__
    await self.app(scope, receive, _send)
  File "d:\mobileapp_api\env\Lib\site-packages\starlette\middleware\cors.py", line 88, in __call__
    await self.app(scope, receive, send)
  File "d:\mobileapp_api\env\Lib\site-packages\starlette\middleware\exceptions.py", line 63, in __call__
    await wrap_app_handling_exceptions(self.app, conn)(scope, receive, send)
  File "d:\mobileapp_api\env\Lib\site-packages\starlette\_exception_handler.py", line 53, in wrapped_app
    raise exc
  File "d:\mobileapp_api\env\Lib\site-packages\starlette\_exception_handler.py", line 42, in wrapped_app
    await app(scope, receive, sender)
  File "d:\mobileapp_api\env\Lib\site-packages\fastapi\middleware\asyncexitstack.py", line 18, in __call__
    await self.app(scope, receive, send)
  File "d:\mobileapp_api\env\Lib\site-packages\starlette\routing.py", line 660, in __call__
    await self.middleware_stack(scope, receive, send)
  File "d:\mobileapp_api\env\Lib\site-packages\starlette\routing.py", line 680, in app
    await route.handle(scope, receive, send)
  File "d:\mobileapp_api\env\Lib\site-packages\starlette\routing.py", line 276, in handle
    await self.app(scope, receive, send)
  File "d:\mobileapp_api\env\Lib\site-packages\fastapi\routing.py", line 134, in app
    await wrap_app_handling_exceptions(app, request)(scope, receive, send)
  File "d:\mobileapp_api\env\Lib\site-packages\starlette\_exception_handler.py", line 53, in wrapped_app
    raise exc
  File "d:\mobileapp_api\env\Lib\site-packages\starlette\_exception_handler.py", line 42, in wrapped_app
    await app(scope, receive, sender)
  File "d:\mobileapp_api\env\Lib\site-packages\fastapi\routing.py", line 120, in app
    response = await f(request)
               ^^^^^^^^^^^^^^^^
  File "d:\mobileapp_api\env\Lib\site-packages\fastapi\routing.py", line 674, in app
    raw_response = await run_endpoint_function(
                   ^^^^^^^^^^^^^^^^^^^^^^^^^^^^
    ...<3 lines>...
    )
    ^
  File "d:\mobileapp_api\env\Lib\site-packages\fastapi\routing.py", line 328, in run_endpoint_function
    return await dependant.call(**values)
           ^^^^^^^^^^^^^^^^^^^^^^^^^^^^^^
  File "D:\mobileapp_api\secondhand_api.py", line 162, in login
    row = await db_exec(
          ^^^^^^^^^^^^^^
    ...<3 lines>...
    )
    ^
  File "D:\mobileapp_api\secondhand_api.py", line 86, in db_exec
    return await run_in_threadpool(_sync_exec, query, params, **kwargs)
           ^^^^^^^^^^^^^^^^^^^^^^^^^^^^^^^^^^^^^^^^^^^^^^^^^^^^^^^^^^^^
  File "d:\mobileapp_api\env\Lib\site-packages\starlette\concurrency.py", line 32, in run_in_threadpool
    return await anyio.to_thread.run_sync(func)
           ^^^^^^^^^^^^^^^^^^^^^^^^^^^^^^^^^^^^
  File "d:\mobileapp_api\env\Lib\site-packages\anyio\to_thread.py", line 63, in run_sync
    return await get_async_backend().run_sync_in_worker_thread(
           ^^^^^^^^^^^^^^^^^^^^^^^^^^^^^^^^^^^^^^^^^^^^^^^^^^^^
        func, args, abandon_on_cancel=abandon_on_cancel, limiter=limiter
        ^^^^^^^^^^^^^^^^^^^^^^^^^^^^^^^^^^^^^^^^^^^^^^^^^^^^^^^^^^^^^^^^
    )
    ^
  File "d:\mobileapp_api\env\Lib\site-packages\anyio\_backends\_asyncio.py", line 2518, in run_sync_in_worker_thread
    return await future
           ^^^^^^^^^^^^
  File "d:\mobileapp_api\env\Lib\site-packages\anyio\_backends\_asyncio.py", line 1002, in run
    result = context.run(func, *args)
  File "D:\mobileapp_api\secondhand_api.py", line 42, in _sync_exec
    conn = mariadb.connect(
        host=DB_CONFIG["host"],
    ...<3 lines>...
        database=DB_CONFIG["db"],
    )
  File "d:\mobileapp_api\env\Lib\site-packages\mariadb\__init__.py", line 94, in connect
    connection = connectionclass(*args, **kwargs)
  File "d:\mobileapp_api\env\Lib\site-packages\mariadb\connections.py", line 85, in __init__
    super().__init__(*args, **kwargs)
    ~~~~~~~~~~~~~~~~^^^^^^^^^^^^^^^^^
mariadb.OperationalError: Access denied for user 'root'@'localhost' (using password: YES)
